<?xml version="1.0" encoding="UTF-8"?>
<!-- Generated by org.testng.reporters.JUnitReportReporter -->
<testsuite skipped="0" hostname="DESKTOP-BGET200" name="tests.WishlistTest" tests="3" failures="0" timestamp="2021-06-15T19:41:19 CEST" time="110.122" errors="0">
  <testcase name="addWishlst" time="52.453" classname="tests.WishlistTest"/>
  <system-out/>
  <testcase name="addMultileWishlists" time="31.852" classname="tests.WishlistTest"/>
  <system-out/>
  <testcase name="deleteWishlist" time="25.817" classname="tests.WishlistTest"/>
  <system-out/>
</testsuite> <!-- tests.WishlistTest -->
