<?xml version="1.0" encoding="UTF-8"?>
<!-- Generated by org.testng.reporters.JUnitReportReporter -->
<testsuite skipped="0" hostname="DESKTOP-BGET200" name="tests.WishlistTest" tests="1" failures="0" timestamp="2021-06-14T22:00:03 CEST" time="37.194" errors="0">
  <testcase name="addWishlst" time="37.194" classname="tests.WishlistTest"/>
  <system-out/>
</testsuite> <!-- tests.WishlistTest -->
