<?xml version="1.0" encoding="UTF-8"?>
<!-- Generated by org.testng.reporters.JUnitReportReporter -->
<testsuite skipped="0" hostname="DESKTOP-BGET200" name="tests.MyAccountTest" tests="5" failures="0" timestamp="2021-06-11T20:11:33 CEST" time="67.391" errors="0">
  <testcase name="CreditSlipsButton" time="9.422" classname="tests.MyAccountTest"/>
  <system-out/>
  <testcase name="personalInformationsButton" time="13.190" classname="tests.MyAccountTest"/>
  <system-out/>
  <testcase name="wishlistButton" time="25.296" classname="tests.MyAccountTest"/>
  <system-out/>
  <testcase name="myAddresesButton" time="14.113" classname="tests.MyAccountTest"/>
  <system-out/>
  <testcase name="historyButton" time="5.370" classname="tests.MyAccountTest"/>
  <system-out/>
</testsuite> <!-- tests.MyAccountTest -->
