<?xml version="1.0" encoding="UTF-8"?>
<!-- Generated by org.testng.reporters.JUnitReportReporter -->
<testsuite skipped="0" hostname="DESKTOP-BGET200" name="tests.Proba" tests="1" failures="0" timestamp="2021-06-08T21:24:16 CEST" time="7.865" errors="0">
  <testcase name="test" time="7.865" classname="tests.Proba"/>
  <system-out/>
</testsuite> <!-- tests.Proba -->
